<?xml version="1.0" encoding="UTF-8"?>
<testsuite xmlns:xsi="http://www.w3.org/2001/XMLSchema-instance" xsi:noNamespaceSchemaLocation="https://maven.apache.org/surefire/maven-surefire-plugin/xsd/surefire-test-report.xsd" name="pl.put.poznan.buildinginfo.api.model.BuildingTest" time="0.015" tests="10" errors="0" skipped="0" failures="0">
  <properties>
[...]
</properties>
  <testcase name="testCalculateLightingPower" classname="pl.put.poznan.buildinginfo.api.model.BuildingTest" time="0.002"/>
  <testcase name="testCalculateHeatingEnergy" classname="pl.put.poznan.buildinginfo.api.model.BuildingTest" time="0.004"/>
  <testcase name="testCalculateVolume" classname="pl.put.poznan.buildinginfo.api.model.BuildingTest" time="0.002"/>
  <testcase name="testGetId" classname="pl.put.poznan.buildinginfo.api.model.BuildingTest" time="0.001"/>
  <testcase name="testSetId" classname="pl.put.poznan.buildinginfo.api.model.BuildingTest" time="0"/>
  <testcase name="testGetName" classname="pl.put.poznan.buildinginfo.api.model.BuildingTest" time="0"/>
  <testcase name="testSetLevels" classname="pl.put.poznan.buildinginfo.api.model.BuildingTest" time="0.003"/>
  <testcase name="testGetLevels" classname="pl.put.poznan.buildinginfo.api.model.BuildingTest" time="0"/>
  <testcase name="testCalculateArea" classname="pl.put.poznan.buildinginfo.api.model.BuildingTest" time="0.002"/>
  <testcase name="testSetName" classname="pl.put.poznan.buildinginfo.api.model.BuildingTest" time="0"/>
</testsuite>